<?xml version="1.0" encoding="UTF-8"?>
<!-- Generated by org.testng.reporters.JUnitReportReporter -->
<testsuite skipped="1" hostname="DESKTOP-JSTUL8K" name="com.testClasses.SwapnoPopUpWindow" tests="1" failures="0" timestamp="2021-08-17T12:31:04 BDT" time="4.610" errors="0">
  <testcase name="selectDeliveryLocation" time="4.610" classname="com.testClasses.SwapnoPopUpWindow">
    <skipped/>
  </testcase> <!-- selectDeliveryLocation -->
  <system-out>
clickable locator foundBy.xpath: //select[@id='state'] clickable locator foundBy.xpath: //select[@id='city'] clickable locator foundBy.xpath: //a[@class='loginlnk  header-login-link']  </system-out>
</testsuite> <!-- com.testClasses.SwapnoPopUpWindow -->
