<?xml version="1.0" encoding="UTF-8"?>
<!-- Generated by org.testng.reporters.JUnitReportReporter -->
<testsuite skipped="0" hostname="DESKTOP-JSTUL8K" name="com.testClasses.ShwapnoPopUpWindow" tests="2" failures="0" timestamp="2021-08-27T13:13:03 BDT" time="23.777" errors="0">
  <testcase name="selectDeliveryLocation" time="4.967" classname="com.testClasses.ShwapnoPopUpWindow"/>
  <system-out>
clickable locator foundBy.xpath: //select[@id='state'] clickable locator foundBy.xpath: //select[@id='city'] clickable locator foundBy.xpath: //input[@id='btnFindStore']  </system-out>
  <testcase name="shwapnoLogin" time="18.810" classname="com.testClasses.ShwapnoPopUpWindow"/>
  <system-out>
clickable locator foundBy.xpath: //a[@href='https://www.shwapno.com/Registration/Login.aspx?ReturnUrl=https://www.shwapno.com'] clickable locator foundBy.xpath: //a[contains(text(),'Login with Email')]//ancestor::li clickable locator foundBy.xpath: //input[@placeholder='Enter your Email' and @name ='UserName'] clickable locator foundBy.xpath: //input[@placeholder='Enter your Password' and @name ='Password'] clickable locator foundBy.xpath: //input[@value='Login' and @name ='btnloginSubmit'] clickable locator foundBy.xpath: //input[@id='txtSearch' and @placeholder='Search'] clickable locator foundBy.xpath: //input[@id='btnSearch' and @class='mj_btnbg FormSectionDefaultButton']/ancestor::div[@class='searchbutton'] clickable locator foundBy.xpath: //img[@title='Parachute Coconut Oil 500ml']/ancestor::a[1] clickable locator foundBy.xpath: //a[@class='btn_addqty' and contains(text(),'Add to Cart')] clickable locator foundBy.xpath: //a[@id='lnkLogout1' and contains(text(),Logout)]  </system-out>
</testsuite> <!-- com.testClasses.ShwapnoPopUpWindow -->
